<?xml version="1.0" encoding="UTF-8"?>
<testng-results skipped="0" failed="0" ignored="0" total="3" passed="3">
  <reporter-output>
  </reporter-output>
  <suite name="Default suite" duration-ms="60019" started-at="2022-03-12T16:21:57Z" finished-at="2022-03-12T16:22:57Z">
    <groups>
    </groups>
    <test name="Default test" duration-ms="60019" started-at="2022-03-12T16:21:57Z" finished-at="2022-03-12T16:22:57Z">
      <class name="com.Testing.AmazonTesting">
        <test-method status="PASS" signature="startBrowser()[pri:0, instance:com.Testing.AmazonTesting@5d740a0f]" name="startBrowser" is-config="true" duration-ms="15713" started-at="2022-03-12T16:21:57Z" finished-at="2022-03-12T16:22:13Z">
          <reporter-output>
          </reporter-output>
        </test-method> <!-- startBrowser -->
        <test-method status="PASS" signature="login()[pri:49, instance:com.Testing.AmazonTesting@5d740a0f]" name="login" duration-ms="14764" started-at="2022-03-12T16:22:13Z" finished-at="2022-03-12T16:22:28Z">
          <reporter-output>
          </reporter-output>
        </test-method> <!-- login -->
        <test-method status="PASS" signature="search()[pri:50, instance:com.Testing.AmazonTesting@5d740a0f]" name="search" duration-ms="17709" started-at="2022-03-12T16:22:28Z" finished-at="2022-03-12T16:22:45Z">
          <reporter-output>
          </reporter-output>
        </test-method> <!-- search -->
        <test-method status="PASS" signature="cartdetails()[pri:51, instance:com.Testing.AmazonTesting@5d740a0f]" name="cartdetails" duration-ms="11659" started-at="2022-03-12T16:22:45Z" finished-at="2022-03-12T16:22:57Z">
          <reporter-output>
          </reporter-output>
        </test-method> <!-- cartdetails -->
      </class> <!-- com.Testing.AmazonTesting -->
    </test> <!-- Default test -->
  </suite> <!-- Default suite -->
</testng-results>
